<?xml version="1.0" encoding="UTF-8"?>
<testsuite xmlns:xsi="http://www.w3.org/2001/XMLSchema-instance" xsi:noNamespaceSchemaLocation="https://maven.apache.org/surefire/maven-surefire-plugin/xsd/surefire-test-report.xsd" name="com.dmdev.junit.UserServiceTest" time="0.04" tests="2" errors="0" skipped="0" failures="0">
  <properties>
[...]
</properties>
  <testcase name="usersSizeIfUserAdded" classname="com.dmdev.junit.UserServiceTest" time="0.019"/>
  <testcase name="usersEmptyIfNoUserAdded" classname="com.dmdev.junit.UserServiceTest" time="0.005"/>
</testsuite>